
> @slashmail/api@ start /Users/varunpotti/Documents/slashmail/apps/api
> cargo run --bin api --release

warning: unused import: `super::_prisma::*`
  --> apps/api/src/prisma.rs:18:9
   |
18 |     use super::_prisma::*;
   |         ^^^^^^^^^^^^^^^^^
   |
   = note: `#[warn(unused_imports)]` on by default

warning: unused import: `super::_prisma::*`
  --> apps/api/src/prisma.rs:23:13
   |
23 |         use super::_prisma::*;
   |             ^^^^^^^^^^^^^^^^^

warning: unused import: `WithParam`
  --> apps/api/src/prisma.rs:25:86
   |
25 |             OrderByParam, SetParam, UncheckedSetParam, UniqueWhereParam, WhereParam, WithParam,
   |                                                                                      ^^^^^^^^^

warning: unused import: `super::_prisma::*`
  --> apps/api/src/prisma.rs:85:13
   |
85 |         use super::_prisma::*;
   |             ^^^^^^^^^^^^^^^^^

warning: unused imports: `UniqueWhereParam`, `WithParam`
  --> apps/api/src/prisma.rs:87:56
   |
87 |             OrderByParam, SetParam, UncheckedSetParam, UniqueWhereParam, WhereParam, WithParam,
   |                                                        ^^^^^^^^^^^^^^^^              ^^^^^^^^^

warning: unused import: `super::_prisma::*`
   --> apps/api/src/prisma.rs:151:13
    |
151 |         use super::_prisma::*;
    |             ^^^^^^^^^^^^^^^^^

warning: unused imports: `UniqueWhereParam`, `WithParam`
   --> apps/api/src/prisma.rs:153:56
    |
153 |             OrderByParam, SetParam, UncheckedSetParam, UniqueWhereParam, WhereParam, WithParam,
    |                                                        ^^^^^^^^^^^^^^^^              ^^^^^^^^^

warning: unused import: `super::_prisma::*`
   --> apps/api/src/prisma.rs:226:13
    |
226 |         use super::_prisma::*;
    |             ^^^^^^^^^^^^^^^^^

warning: unused imports: `UniqueWhereParam`, `WithParam`
   --> apps/api/src/prisma.rs:228:56
    |
228 |             OrderByParam, SetParam, UncheckedSetParam, UniqueWhereParam, WhereParam, WithParam,
    |                                                        ^^^^^^^^^^^^^^^^              ^^^^^^^^^

warning: unused import: `super::_prisma::*`
   --> apps/api/src/prisma.rs:292:13
    |
292 |         use super::_prisma::*;
    |             ^^^^^^^^^^^^^^^^^

warning: unused imports: `UniqueWhereParam`, `WithParam`
   --> apps/api/src/prisma.rs:294:56
    |
294 |             OrderByParam, SetParam, UncheckedSetParam, UniqueWhereParam, WhereParam, WithParam,
    |                                                        ^^^^^^^^^^^^^^^^              ^^^^^^^^^

warning: unused import: `super::_prisma::*`
   --> apps/api/src/prisma.rs:358:13
    |
358 |         use super::_prisma::*;
    |             ^^^^^^^^^^^^^^^^^

warning: unused imports: `UniqueWhereParam`, `WithParam`
   --> apps/api/src/prisma.rs:360:56
    |
360 |             OrderByParam, SetParam, UncheckedSetParam, UniqueWhereParam, WhereParam, WithParam,
    |                                                        ^^^^^^^^^^^^^^^^              ^^^^^^^^^

warning: unused import: `super::_prisma::*`
   --> apps/api/src/prisma.rs:424:13
    |
424 |         use super::_prisma::*;
    |             ^^^^^^^^^^^^^^^^^

warning: unused imports: `UniqueWhereParam`, `WithParam`
   --> apps/api/src/prisma.rs:426:56
    |
426 |             OrderByParam, SetParam, UncheckedSetParam, UniqueWhereParam, WhereParam, WithParam,
    |                                                        ^^^^^^^^^^^^^^^^              ^^^^^^^^^

warning: unused import: `super::_prisma::*`
   --> apps/api/src/prisma.rs:486:13
    |
486 |         use super::_prisma::*;
    |             ^^^^^^^^^^^^^^^^^

warning: unused imports: `UniqueWhereParam`, `WithParam`
   --> apps/api/src/prisma.rs:488:56
    |
488 |             OrderByParam, SetParam, UncheckedSetParam, UniqueWhereParam, WhereParam, WithParam,
    |                                                        ^^^^^^^^^^^^^^^^              ^^^^^^^^^

warning: unused import: `super::_prisma::*`
   --> apps/api/src/prisma.rs:552:13
    |
552 |         use super::_prisma::*;
    |             ^^^^^^^^^^^^^^^^^

warning: unused imports: `UniqueWhereParam`, `WithParam`
   --> apps/api/src/prisma.rs:554:56
    |
554 |             OrderByParam, SetParam, UncheckedSetParam, UniqueWhereParam, WhereParam, WithParam,
    |                                                        ^^^^^^^^^^^^^^^^              ^^^^^^^^^

warning: unused import: `super::_prisma::*`
   --> apps/api/src/prisma.rs:618:13
    |
618 |         use super::_prisma::*;
    |             ^^^^^^^^^^^^^^^^^

warning: unused imports: `UniqueWhereParam`, `WithParam`
   --> apps/api/src/prisma.rs:620:56
    |
620 |             OrderByParam, SetParam, UncheckedSetParam, UniqueWhereParam, WhereParam, WithParam,
    |                                                        ^^^^^^^^^^^^^^^^              ^^^^^^^^^

warning: unused import: `super::_prisma::*`
   --> apps/api/src/prisma.rs:675:13
    |
675 |         use super::_prisma::*;
    |             ^^^^^^^^^^^^^^^^^

warning: unused imports: `UniqueWhereParam`, `WithParam`
   --> apps/api/src/prisma.rs:677:56
    |
677 |             OrderByParam, SetParam, UncheckedSetParam, UniqueWhereParam, WhereParam, WithParam,
    |                                                        ^^^^^^^^^^^^^^^^              ^^^^^^^^^

warning: unused import: `super::_prisma::*`
   --> apps/api/src/prisma.rs:750:13
    |
750 |         use super::_prisma::*;
    |             ^^^^^^^^^^^^^^^^^

warning: unused imports: `UniqueWhereParam`, `WithParam`
   --> apps/api/src/prisma.rs:752:56
    |
752 |             OrderByParam, SetParam, UncheckedSetParam, UniqueWhereParam, WhereParam, WithParam,
    |                                                        ^^^^^^^^^^^^^^^^              ^^^^^^^^^

warning: unused import: `super::_prisma::*`
   --> apps/api/src/prisma.rs:825:13
    |
825 |         use super::_prisma::*;
    |             ^^^^^^^^^^^^^^^^^

warning: unused imports: `UniqueWhereParam`, `WithParam`
   --> apps/api/src/prisma.rs:827:56
    |
827 |             OrderByParam, SetParam, UncheckedSetParam, UniqueWhereParam, WhereParam, WithParam,
    |                                                        ^^^^^^^^^^^^^^^^              ^^^^^^^^^

warning: unused import: `super::_prisma::*`
   --> apps/api/src/prisma.rs:900:13
    |
900 |         use super::_prisma::*;
    |             ^^^^^^^^^^^^^^^^^

warning: unused imports: `UniqueWhereParam`, `WithParam`
   --> apps/api/src/prisma.rs:902:56
    |
902 |             OrderByParam, SetParam, UncheckedSetParam, UniqueWhereParam, WhereParam, WithParam,
    |                                                        ^^^^^^^^^^^^^^^^              ^^^^^^^^^

warning: unused import: `super::_prisma::*`
   --> apps/api/src/prisma.rs:975:13
    |
975 |         use super::_prisma::*;
    |             ^^^^^^^^^^^^^^^^^

warning: unused imports: `UniqueWhereParam`, `WithParam`
   --> apps/api/src/prisma.rs:977:56
    |
977 |             OrderByParam, SetParam, UncheckedSetParam, UniqueWhereParam, WhereParam, WithParam,
    |                                                        ^^^^^^^^^^^^^^^^              ^^^^^^^^^

warning: unused import: `super::_prisma::*`
    --> apps/api/src/prisma.rs:1041:13
     |
1041 |         use super::_prisma::*;
     |             ^^^^^^^^^^^^^^^^^

warning: unused imports: `UniqueWhereParam`, `WithParam`
    --> apps/api/src/prisma.rs:1043:56
     |
1043 |             OrderByParam, SetParam, UncheckedSetParam, UniqueWhereParam, WhereParam, WithParam,
     |                                                        ^^^^^^^^^^^^^^^^              ^^^^^^^^^

warning: unused import: `super::_prisma::*`
    --> apps/api/src/prisma.rs:1146:13
     |
1146 |         use super::_prisma::*;
     |             ^^^^^^^^^^^^^^^^^

warning: unused imports: `UniqueWhereParam`, `WithParam`
    --> apps/api/src/prisma.rs:1148:56
     |
1148 |             OrderByParam, SetParam, UncheckedSetParam, UniqueWhereParam, WhereParam, WithParam,
     |                                                        ^^^^^^^^^^^^^^^^              ^^^^^^^^^

warning: unused import: `super::_prisma::*`
    --> apps/api/src/prisma.rs:1251:13
     |
1251 |         use super::_prisma::*;
     |             ^^^^^^^^^^^^^^^^^

warning: unused imports: `OrderByParam`, `UncheckedSetParam`, `UniqueWhereParam`
    --> apps/api/src/prisma.rs:1253:13
     |
1253 |             OrderByParam, SetParam, UncheckedSetParam, UniqueWhereParam, WhereParam, WithParam,
     |             ^^^^^^^^^^^^            ^^^^^^^^^^^^^^^^^  ^^^^^^^^^^^^^^^^

warning: unused import: `super::_prisma::*`
    --> apps/api/src/prisma.rs:2481:9
     |
2481 |     use super::_prisma::*;
     |         ^^^^^^^^^^^^^^^^^

warning: unused import: `super::_prisma::*`
    --> apps/api/src/prisma.rs:2486:13
     |
2486 |         use super::_prisma::*;
     |             ^^^^^^^^^^^^^^^^^

warning: unused import: `WithParam`
    --> apps/api/src/prisma.rs:2488:86
     |
2488 |             OrderByParam, SetParam, UncheckedSetParam, UniqueWhereParam, WhereParam, WithParam,
     |                                                                                      ^^^^^^^^^

warning: unused import: `super::_prisma::*`
    --> apps/api/src/prisma.rs:2548:13
     |
2548 |         use super::_prisma::*;
     |             ^^^^^^^^^^^^^^^^^

warning: unused imports: `OrderByParam`, `UncheckedSetParam`, `UniqueWhereParam`
    --> apps/api/src/prisma.rs:2550:13
     |
2550 |             OrderByParam, SetParam, UncheckedSetParam, UniqueWhereParam, WhereParam, WithParam,
     |             ^^^^^^^^^^^^            ^^^^^^^^^^^^^^^^^  ^^^^^^^^^^^^^^^^

warning: unused import: `super::_prisma::*`
    --> apps/api/src/prisma.rs:2630:13
     |
2630 |         use super::_prisma::*;
     |             ^^^^^^^^^^^^^^^^^

warning: unused imports: `UniqueWhereParam`, `WithParam`
    --> apps/api/src/prisma.rs:2632:56
     |
2632 |             OrderByParam, SetParam, UncheckedSetParam, UniqueWhereParam, WhereParam, WithParam,
     |                                                        ^^^^^^^^^^^^^^^^              ^^^^^^^^^

warning: unused import: `super::_prisma::*`
    --> apps/api/src/prisma.rs:2696:13
     |
2696 |         use super::_prisma::*;
     |             ^^^^^^^^^^^^^^^^^

warning: unused imports: `UniqueWhereParam`, `WithParam`
    --> apps/api/src/prisma.rs:2698:56
     |
2698 |             OrderByParam, SetParam, UncheckedSetParam, UniqueWhereParam, WhereParam, WithParam,
     |                                                        ^^^^^^^^^^^^^^^^              ^^^^^^^^^

warning: unused import: `super::_prisma::*`
    --> apps/api/src/prisma.rs:2758:13
     |
2758 |         use super::_prisma::*;
     |             ^^^^^^^^^^^^^^^^^

warning: unused imports: `UniqueWhereParam`, `WithParam`
    --> apps/api/src/prisma.rs:2760:56
     |
2760 |             OrderByParam, SetParam, UncheckedSetParam, UniqueWhereParam, WhereParam, WithParam,
     |                                                        ^^^^^^^^^^^^^^^^              ^^^^^^^^^

warning: unused import: `super::_prisma::*`
    --> apps/api/src/prisma.rs:2824:13
     |
2824 |         use super::_prisma::*;
     |             ^^^^^^^^^^^^^^^^^

warning: unused imports: `UniqueWhereParam`, `WithParam`
    --> apps/api/src/prisma.rs:2826:56
     |
2826 |             OrderByParam, SetParam, UncheckedSetParam, UniqueWhereParam, WhereParam, WithParam,
     |                                                        ^^^^^^^^^^^^^^^^              ^^^^^^^^^

warning: unused import: `super::_prisma::*`
    --> apps/api/src/prisma.rs:2929:13
     |
2929 |         use super::_prisma::*;
     |             ^^^^^^^^^^^^^^^^^

warning: unused imports: `UniqueWhereParam`, `WithParam`
    --> apps/api/src/prisma.rs:2931:56
     |
2931 |             OrderByParam, SetParam, UncheckedSetParam, UniqueWhereParam, WhereParam, WithParam,
     |                                                        ^^^^^^^^^^^^^^^^              ^^^^^^^^^

warning: unused import: `super::_prisma::*`
    --> apps/api/src/prisma.rs:3034:13
     |
3034 |         use super::_prisma::*;
     |             ^^^^^^^^^^^^^^^^^

warning: unused imports: `OrderByParam`, `UncheckedSetParam`, `UniqueWhereParam`
    --> apps/api/src/prisma.rs:3036:13
     |
3036 |             OrderByParam, SetParam, UncheckedSetParam, UniqueWhereParam, WhereParam, WithParam,
     |             ^^^^^^^^^^^^            ^^^^^^^^^^^^^^^^^  ^^^^^^^^^^^^^^^^

warning: unused import: `super::_prisma::*`
    --> apps/api/src/prisma.rs:3159:13
     |
3159 |         use super::_prisma::*;
     |             ^^^^^^^^^^^^^^^^^

warning: unused imports: `UniqueWhereParam`, `WithParam`
    --> apps/api/src/prisma.rs:3161:56
     |
3161 |             OrderByParam, SetParam, UncheckedSetParam, UniqueWhereParam, WhereParam, WithParam,
     |                                                        ^^^^^^^^^^^^^^^^              ^^^^^^^^^

warning: unused import: `super::_prisma::*`
    --> apps/api/src/prisma.rs:3866:9
     |
3866 |     use super::_prisma::*;
     |         ^^^^^^^^^^^^^^^^^

warning: unused import: `super::_prisma::*`
    --> apps/api/src/prisma.rs:3871:13
     |
3871 |         use super::_prisma::*;
     |             ^^^^^^^^^^^^^^^^^

warning: unused import: `WithParam`
    --> apps/api/src/prisma.rs:3873:86
     |
3873 |             OrderByParam, SetParam, UncheckedSetParam, UniqueWhereParam, WhereParam, WithParam,
     |                                                                                      ^^^^^^^^^

warning: unused import: `super::_prisma::*`
    --> apps/api/src/prisma.rs:3933:13
     |
3933 |         use super::_prisma::*;
     |             ^^^^^^^^^^^^^^^^^

warning: unused imports: `UniqueWhereParam`, `WithParam`
    --> apps/api/src/prisma.rs:3935:56
     |
3935 |             OrderByParam, SetParam, UncheckedSetParam, UniqueWhereParam, WhereParam, WithParam,
     |                                                        ^^^^^^^^^^^^^^^^              ^^^^^^^^^

warning: unused import: `super::_prisma::*`
    --> apps/api/src/prisma.rs:3995:13
     |
3995 |         use super::_prisma::*;
     |             ^^^^^^^^^^^^^^^^^

warning: unused imports: `UniqueWhereParam`, `WithParam`
    --> apps/api/src/prisma.rs:3997:56
     |
3997 |             OrderByParam, SetParam, UncheckedSetParam, UniqueWhereParam, WhereParam, WithParam,
     |                                                        ^^^^^^^^^^^^^^^^              ^^^^^^^^^

warning: unused import: `super::_prisma::*`
    --> apps/api/src/prisma.rs:4061:13
     |
4061 |         use super::_prisma::*;
     |             ^^^^^^^^^^^^^^^^^

warning: unused imports: `UniqueWhereParam`, `WithParam`
    --> apps/api/src/prisma.rs:4063:56
     |
4063 |             OrderByParam, SetParam, UncheckedSetParam, UniqueWhereParam, WhereParam, WithParam,
     |                                                        ^^^^^^^^^^^^^^^^              ^^^^^^^^^

warning: unused import: `super::_prisma::*`
    --> apps/api/src/prisma.rs:4166:13
     |
4166 |         use super::_prisma::*;
     |             ^^^^^^^^^^^^^^^^^

warning: unused imports: `UniqueWhereParam`, `WithParam`
    --> apps/api/src/prisma.rs:4168:56
     |
4168 |             OrderByParam, SetParam, UncheckedSetParam, UniqueWhereParam, WhereParam, WithParam,
     |                                                        ^^^^^^^^^^^^^^^^              ^^^^^^^^^

warning: unused import: `super::_prisma::*`
    --> apps/api/src/prisma.rs:4271:13
     |
4271 |         use super::_prisma::*;
     |             ^^^^^^^^^^^^^^^^^

warning: unused imports: `OrderByParam`, `UncheckedSetParam`, `UniqueWhereParam`
    --> apps/api/src/prisma.rs:4273:13
     |
4273 |             OrderByParam, SetParam, UncheckedSetParam, UniqueWhereParam, WhereParam, WithParam,
     |             ^^^^^^^^^^^^            ^^^^^^^^^^^^^^^^^  ^^^^^^^^^^^^^^^^

warning: unused import: `super::_prisma::*`
    --> apps/api/src/prisma.rs:4396:13
     |
4396 |         use super::_prisma::*;
     |             ^^^^^^^^^^^^^^^^^

warning: unused imports: `OrderByParam`, `UncheckedSetParam`, `UniqueWhereParam`
    --> apps/api/src/prisma.rs:4398:13
     |
4398 |             OrderByParam, SetParam, UncheckedSetParam, UniqueWhereParam, WhereParam, WithParam,
     |             ^^^^^^^^^^^^            ^^^^^^^^^^^^^^^^^  ^^^^^^^^^^^^^^^^

warning: unused import: `super::_prisma::*`
    --> apps/api/src/prisma.rs:4527:13
     |
4527 |         use super::_prisma::*;
     |             ^^^^^^^^^^^^^^^^^

warning: unused imports: `OrderByParam`, `UncheckedSetParam`, `UniqueWhereParam`
    --> apps/api/src/prisma.rs:4529:13
     |
4529 |             OrderByParam, SetParam, UncheckedSetParam, UniqueWhereParam, WhereParam, WithParam,
     |             ^^^^^^^^^^^^            ^^^^^^^^^^^^^^^^^  ^^^^^^^^^^^^^^^^

warning: unused import: `super::_prisma::*`
    --> apps/api/src/prisma.rs:5391:9
     |
5391 |     use super::_prisma::*;
     |         ^^^^^^^^^^^^^^^^^

warning: unused import: `super::_prisma::*`
    --> apps/api/src/prisma.rs:5396:13
     |
5396 |         use super::_prisma::*;
     |             ^^^^^^^^^^^^^^^^^

warning: unused import: `WithParam`
    --> apps/api/src/prisma.rs:5398:86
     |
5398 |             OrderByParam, SetParam, UncheckedSetParam, UniqueWhereParam, WhereParam, WithParam,
     |                                                                                      ^^^^^^^^^

warning: unused import: `super::_prisma::*`
    --> apps/api/src/prisma.rs:5458:13
     |
5458 |         use super::_prisma::*;
     |             ^^^^^^^^^^^^^^^^^

warning: unused imports: `OrderByParam`, `UncheckedSetParam`, `UniqueWhereParam`
    --> apps/api/src/prisma.rs:5460:13
     |
5460 |             OrderByParam, SetParam, UncheckedSetParam, UniqueWhereParam, WhereParam, WithParam,
     |             ^^^^^^^^^^^^            ^^^^^^^^^^^^^^^^^  ^^^^^^^^^^^^^^^^

warning: unused import: `super::_prisma::*`
    --> apps/api/src/prisma.rs:5565:13
     |
5565 |         use super::_prisma::*;
     |             ^^^^^^^^^^^^^^^^^

warning: unused imports: `OrderByParam`, `UncheckedSetParam`, `UniqueWhereParam`
    --> apps/api/src/prisma.rs:5567:13
     |
5567 |             OrderByParam, SetParam, UncheckedSetParam, UniqueWhereParam, WhereParam, WithParam,
     |             ^^^^^^^^^^^^            ^^^^^^^^^^^^^^^^^  ^^^^^^^^^^^^^^^^

warning: unused import: `super::_prisma::*`
    --> apps/api/src/prisma.rs:5671:13
     |
5671 |         use super::_prisma::*;
     |             ^^^^^^^^^^^^^^^^^

warning: unused imports: `UniqueWhereParam`, `WithParam`
    --> apps/api/src/prisma.rs:5673:56
     |
5673 |             OrderByParam, SetParam, UncheckedSetParam, UniqueWhereParam, WhereParam, WithParam,
     |                                                        ^^^^^^^^^^^^^^^^              ^^^^^^^^^

warning: unused import: `super::_prisma::*`
    --> apps/api/src/prisma.rs:5776:13
     |
5776 |         use super::_prisma::*;
     |             ^^^^^^^^^^^^^^^^^

warning: unused imports: `UniqueWhereParam`, `WithParam`
    --> apps/api/src/prisma.rs:5778:56
     |
5778 |             OrderByParam, SetParam, UncheckedSetParam, UniqueWhereParam, WhereParam, WithParam,
     |                                                        ^^^^^^^^^^^^^^^^              ^^^^^^^^^

warning: unused import: `super::_prisma::*`
    --> apps/api/src/prisma.rs:5881:13
     |
5881 |         use super::_prisma::*;
     |             ^^^^^^^^^^^^^^^^^

warning: unused imports: `UniqueWhereParam`, `WithParam`
    --> apps/api/src/prisma.rs:5883:56
     |
5883 |             OrderByParam, SetParam, UncheckedSetParam, UniqueWhereParam, WhereParam, WithParam,
     |                                                        ^^^^^^^^^^^^^^^^              ^^^^^^^^^

warning: unused import: `super::_prisma::*`
    --> apps/api/src/prisma.rs:5947:13
     |
5947 |         use super::_prisma::*;
     |             ^^^^^^^^^^^^^^^^^

warning: unused imports: `UniqueWhereParam`, `WithParam`
    --> apps/api/src/prisma.rs:5949:56
     |
5949 |             OrderByParam, SetParam, UncheckedSetParam, UniqueWhereParam, WhereParam, WithParam,
     |                                                        ^^^^^^^^^^^^^^^^              ^^^^^^^^^

warning: unused import: `super::_prisma::*`
    --> apps/api/src/prisma.rs:6539:9
     |
6539 |     use super::_prisma::*;
     |         ^^^^^^^^^^^^^^^^^

warning: unused import: `super::_prisma::*`
    --> apps/api/src/prisma.rs:6544:13
     |
6544 |         use super::_prisma::*;
     |             ^^^^^^^^^^^^^^^^^

warning: unused import: `WithParam`
    --> apps/api/src/prisma.rs:6546:86
     |
6546 |             OrderByParam, SetParam, UncheckedSetParam, UniqueWhereParam, WhereParam, WithParam,
     |                                                                                      ^^^^^^^^^

warning: unused import: `super::_prisma::*`
    --> apps/api/src/prisma.rs:6606:13
     |
6606 |         use super::_prisma::*;
     |             ^^^^^^^^^^^^^^^^^

warning: unused imports: `OrderByParam`, `UncheckedSetParam`, `UniqueWhereParam`
    --> apps/api/src/prisma.rs:6608:13
     |
6608 |             OrderByParam, SetParam, UncheckedSetParam, UniqueWhereParam, WhereParam, WithParam,
     |             ^^^^^^^^^^^^            ^^^^^^^^^^^^^^^^^  ^^^^^^^^^^^^^^^^

warning: unused import: `super::_prisma::*`
    --> apps/api/src/prisma.rs:6712:13
     |
6712 |         use super::_prisma::*;
     |             ^^^^^^^^^^^^^^^^^

warning: unused imports: `OrderByParam`, `UncheckedSetParam`, `UniqueWhereParam`
    --> apps/api/src/prisma.rs:6714:13
     |
6714 |             OrderByParam, SetParam, UncheckedSetParam, UniqueWhereParam, WhereParam, WithParam,
     |             ^^^^^^^^^^^^            ^^^^^^^^^^^^^^^^^  ^^^^^^^^^^^^^^^^

warning: unused import: `super::_prisma::*`
    --> apps/api/src/prisma.rs:6819:13
     |
6819 |         use super::_prisma::*;
     |             ^^^^^^^^^^^^^^^^^

warning: unused imports: `UniqueWhereParam`, `WithParam`
    --> apps/api/src/prisma.rs:6821:56
     |
6821 |             OrderByParam, SetParam, UncheckedSetParam, UniqueWhereParam, WhereParam, WithParam,
     |                                                        ^^^^^^^^^^^^^^^^              ^^^^^^^^^

warning: unused import: `super::_prisma::*`
    --> apps/api/src/prisma.rs:6924:13
     |
6924 |         use super::_prisma::*;
     |             ^^^^^^^^^^^^^^^^^

warning: unused imports: `UniqueWhereParam`, `WithParam`
    --> apps/api/src/prisma.rs:6926:56
     |
6926 |             OrderByParam, SetParam, UncheckedSetParam, UniqueWhereParam, WhereParam, WithParam,
     |                                                        ^^^^^^^^^^^^^^^^              ^^^^^^^^^

warning: unused import: `super::_prisma::*`
    --> apps/api/src/prisma.rs:7029:13
     |
7029 |         use super::_prisma::*;
     |             ^^^^^^^^^^^^^^^^^

warning: unused imports: `UniqueWhereParam`, `WithParam`
    --> apps/api/src/prisma.rs:7031:56
     |
7031 |             OrderByParam, SetParam, UncheckedSetParam, UniqueWhereParam, WhereParam, WithParam,
     |                                                        ^^^^^^^^^^^^^^^^              ^^^^^^^^^

warning: unused import: `super::_prisma::*`
    --> apps/api/src/prisma.rs:7095:13
     |
7095 |         use super::_prisma::*;
     |             ^^^^^^^^^^^^^^^^^

warning: unused imports: `UniqueWhereParam`, `WithParam`
    --> apps/api/src/prisma.rs:7097:56
     |
7097 |             OrderByParam, SetParam, UncheckedSetParam, UniqueWhereParam, WhereParam, WithParam,
     |                                                        ^^^^^^^^^^^^^^^^              ^^^^^^^^^

warning: unused import: `super::_prisma::*`
    --> apps/api/src/prisma.rs:7686:9
     |
7686 |     use super::_prisma::*;
     |         ^^^^^^^^^^^^^^^^^

warning: unused import: `super::_prisma::*`
    --> apps/api/src/prisma.rs:7691:13
     |
7691 |         use super::_prisma::*;
     |             ^^^^^^^^^^^^^^^^^

warning: unused import: `WithParam`
    --> apps/api/src/prisma.rs:7693:86
     |
7693 |             OrderByParam, SetParam, UncheckedSetParam, UniqueWhereParam, WhereParam, WithParam,
     |                                                                                      ^^^^^^^^^

warning: unused import: `super::_prisma::*`
    --> apps/api/src/prisma.rs:7753:13
     |
7753 |         use super::_prisma::*;
     |             ^^^^^^^^^^^^^^^^^

warning: unused imports: `UniqueWhereParam`, `WithParam`
    --> apps/api/src/prisma.rs:7755:56
     |
7755 |             OrderByParam, SetParam, UncheckedSetParam, UniqueWhereParam, WhereParam, WithParam,
     |                                                        ^^^^^^^^^^^^^^^^              ^^^^^^^^^

warning: unused import: `super::_prisma::*`
    --> apps/api/src/prisma.rs:7815:13
     |
7815 |         use super::_prisma::*;
     |             ^^^^^^^^^^^^^^^^^

warning: unused imports: `UniqueWhereParam`, `WithParam`
    --> apps/api/src/prisma.rs:7817:56
     |
7817 |             OrderByParam, SetParam, UncheckedSetParam, UniqueWhereParam, WhereParam, WithParam,
     |                                                        ^^^^^^^^^^^^^^^^              ^^^^^^^^^

warning: unused import: `super::_prisma::*`
    --> apps/api/src/prisma.rs:7881:13
     |
7881 |         use super::_prisma::*;
     |             ^^^^^^^^^^^^^^^^^

warning: unused imports: `UniqueWhereParam`, `WithParam`
    --> apps/api/src/prisma.rs:7883:56
     |
7883 |             OrderByParam, SetParam, UncheckedSetParam, UniqueWhereParam, WhereParam, WithParam,
     |                                                        ^^^^^^^^^^^^^^^^              ^^^^^^^^^

warning: unused import: `super::_prisma::*`
    --> apps/api/src/prisma.rs:7986:13
     |
7986 |         use super::_prisma::*;
     |             ^^^^^^^^^^^^^^^^^

warning: unused imports: `UniqueWhereParam`, `WithParam`
    --> apps/api/src/prisma.rs:7988:56
     |
7988 |             OrderByParam, SetParam, UncheckedSetParam, UniqueWhereParam, WhereParam, WithParam,
     |                                                        ^^^^^^^^^^^^^^^^              ^^^^^^^^^

warning: unused import: `super::_prisma::*`
    --> apps/api/src/prisma.rs:8091:13
     |
8091 |         use super::_prisma::*;
     |             ^^^^^^^^^^^^^^^^^

warning: unused imports: `OrderByParam`, `UncheckedSetParam`, `UniqueWhereParam`
    --> apps/api/src/prisma.rs:8093:13
     |
8093 |             OrderByParam, SetParam, UncheckedSetParam, UniqueWhereParam, WhereParam, WithParam,
     |             ^^^^^^^^^^^^            ^^^^^^^^^^^^^^^^^  ^^^^^^^^^^^^^^^^

warning: unused import: `super::_prisma::*`
    --> apps/api/src/prisma.rs:8715:9
     |
8715 |     use super::_prisma::*;
     |         ^^^^^^^^^^^^^^^^^

warning: unused import: `super::_prisma::*`
    --> apps/api/src/prisma.rs:8720:13
     |
8720 |         use super::_prisma::*;
     |             ^^^^^^^^^^^^^^^^^

warning: unused import: `WithParam`
    --> apps/api/src/prisma.rs:8722:86
     |
8722 |             OrderByParam, SetParam, UncheckedSetParam, UniqueWhereParam, WhereParam, WithParam,
     |                                                                                      ^^^^^^^^^

warning: unused import: `super::_prisma::*`
    --> apps/api/src/prisma.rs:8782:13
     |
8782 |         use super::_prisma::*;
     |             ^^^^^^^^^^^^^^^^^

warning: unused imports: `UniqueWhereParam`, `WithParam`
    --> apps/api/src/prisma.rs:8784:56
     |
8784 |             OrderByParam, SetParam, UncheckedSetParam, UniqueWhereParam, WhereParam, WithParam,
     |                                                        ^^^^^^^^^^^^^^^^              ^^^^^^^^^

warning: unused import: `super::_prisma::*`
    --> apps/api/src/prisma.rs:8887:13
     |
8887 |         use super::_prisma::*;
     |             ^^^^^^^^^^^^^^^^^

warning: unused imports: `UniqueWhereParam`, `WithParam`
    --> apps/api/src/prisma.rs:8889:56
     |
8889 |             OrderByParam, SetParam, UncheckedSetParam, UniqueWhereParam, WhereParam, WithParam,
     |                                                        ^^^^^^^^^^^^^^^^              ^^^^^^^^^

warning: unused import: `super::_prisma::*`
    --> apps/api/src/prisma.rs:8992:13
     |
8992 |         use super::_prisma::*;
     |             ^^^^^^^^^^^^^^^^^

warning: unused imports: `UniqueWhereParam`, `WithParam`
    --> apps/api/src/prisma.rs:8994:56
     |
8994 |             OrderByParam, SetParam, UncheckedSetParam, UniqueWhereParam, WhereParam, WithParam,
     |                                                        ^^^^^^^^^^^^^^^^              ^^^^^^^^^

warning: unnecessary parentheses around type
    --> apps/api/src/prisma.rs:9099:46
     |
9099 |     pub fn create(_params: Vec<SetParam>) -> (Vec<SetParam>) {
     |                                              ^             ^
     |
     = note: `#[warn(unused_parens)]` on by default
help: remove these parentheses
     |
9099 -     pub fn create(_params: Vec<SetParam>) -> (Vec<SetParam>) {
9099 +     pub fn create(_params: Vec<SetParam>) -> Vec<SetParam> {
     |

warning: unnecessary parentheses around block return value
    --> apps/api/src/prisma.rs:9100:9
     |
9100 |         (_params)
     |         ^       ^
     |
help: remove these parentheses
     |
9100 -         (_params)
9100 +         _params
     |

warning: unnecessary parentheses around type
    --> apps/api/src/prisma.rs:9102:56
     |
9102 |     pub fn create_unchecked(_params: Vec<SetParam>) -> (Vec<SetParam>) {
     |                                                        ^             ^
     |
help: remove these parentheses
     |
9102 -     pub fn create_unchecked(_params: Vec<SetParam>) -> (Vec<SetParam>) {
9102 +     pub fn create_unchecked(_params: Vec<SetParam>) -> Vec<SetParam> {
     |

warning: unnecessary parentheses around block return value
    --> apps/api/src/prisma.rs:9103:9
     |
9103 |         (_params)
     |         ^       ^
     |
help: remove these parentheses
     |
9103 -         (_params)
9103 +         _params
     |

warning: unnecessary parentheses around pattern
    --> apps/api/src/prisma.rs:9428:13
     |
9428 |             (mut _params): (Vec<SetParam>),
     |             ^           ^
     |
help: remove these parentheses
     |
9428 -             (mut _params): (Vec<SetParam>),
9428 +             mut _params: (Vec<SetParam>),
     |

warning: unnecessary parentheses around type
    --> apps/api/src/prisma.rs:9428:28
     |
9428 |             (mut _params): (Vec<SetParam>),
     |                            ^             ^
     |
help: remove these parentheses
     |
9428 -             (mut _params): (Vec<SetParam>),
9428 +             (mut _params): Vec<SetParam>,
     |

warning: unused import: `super::_prisma::*`
    --> apps/api/src/prisma.rs:9446:9
     |
9446 |     use super::_prisma::*;
     |         ^^^^^^^^^^^^^^^^^

warning: unused import: `super::_prisma::*`
    --> apps/api/src/prisma.rs:9451:13
     |
9451 |         use super::_prisma::*;
     |             ^^^^^^^^^^^^^^^^^

warning: unused import: `WithParam`
    --> apps/api/src/prisma.rs:9453:86
     |
9453 |             OrderByParam, SetParam, UncheckedSetParam, UniqueWhereParam, WhereParam, WithParam,
     |                                                                                      ^^^^^^^^^

warning: unused import: `super::_prisma::*`
    --> apps/api/src/prisma.rs:9513:13
     |
9513 |         use super::_prisma::*;
     |             ^^^^^^^^^^^^^^^^^

warning: unused imports: `OrderByParam`, `UncheckedSetParam`, `UniqueWhereParam`
    --> apps/api/src/prisma.rs:9515:13
     |
9515 |             OrderByParam, SetParam, UncheckedSetParam, UniqueWhereParam, WhereParam, WithParam,
     |             ^^^^^^^^^^^^            ^^^^^^^^^^^^^^^^^  ^^^^^^^^^^^^^^^^

warning: unused import: `super::_prisma::*`
    --> apps/api/src/prisma.rs:9595:13
     |
9595 |         use super::_prisma::*;
     |             ^^^^^^^^^^^^^^^^^

warning: unused imports: `OrderByParam`, `UncheckedSetParam`, `UniqueWhereParam`
    --> apps/api/src/prisma.rs:9597:13
     |
9597 |             OrderByParam, SetParam, UncheckedSetParam, UniqueWhereParam, WhereParam, WithParam,
     |             ^^^^^^^^^^^^            ^^^^^^^^^^^^^^^^^  ^^^^^^^^^^^^^^^^

warning: unused import: `super::_prisma::*`
    --> apps/api/src/prisma.rs:9702:13
     |
9702 |         use super::_prisma::*;
     |             ^^^^^^^^^^^^^^^^^

warning: unused imports: `UniqueWhereParam`, `WithParam`
    --> apps/api/src/prisma.rs:9704:56
     |
9704 |             OrderByParam, SetParam, UncheckedSetParam, UniqueWhereParam, WhereParam, WithParam,
     |                                                        ^^^^^^^^^^^^^^^^              ^^^^^^^^^

warning: unused import: `super::_prisma::*`
    --> apps/api/src/prisma.rs:9807:13
     |
9807 |         use super::_prisma::*;
     |             ^^^^^^^^^^^^^^^^^

warning: unused imports: `UniqueWhereParam`, `WithParam`
    --> apps/api/src/prisma.rs:9809:56
     |
9809 |             OrderByParam, SetParam, UncheckedSetParam, UniqueWhereParam, WhereParam, WithParam,
     |                                                        ^^^^^^^^^^^^^^^^              ^^^^^^^^^

warning: unused import: `super::_prisma::*`
    --> apps/api/src/prisma.rs:9912:13
     |
9912 |         use super::_prisma::*;
     |             ^^^^^^^^^^^^^^^^^

warning: unused imports: `UniqueWhereParam`, `WithParam`
    --> apps/api/src/prisma.rs:9914:56
     |
9914 |             OrderByParam, SetParam, UncheckedSetParam, UniqueWhereParam, WhereParam, WithParam,
     |                                                        ^^^^^^^^^^^^^^^^              ^^^^^^^^^

warning: unused import: `super::_prisma::*`
    --> apps/api/src/prisma.rs:9978:13
     |
9978 |         use super::_prisma::*;
     |             ^^^^^^^^^^^^^^^^^

warning: unused imports: `UniqueWhereParam`, `WithParam`
    --> apps/api/src/prisma.rs:9980:56
     |
9980 |             OrderByParam, SetParam, UncheckedSetParam, UniqueWhereParam, WhereParam, WithParam,
     |                                                        ^^^^^^^^^^^^^^^^              ^^^^^^^^^

warning: unused import: `super::_prisma::*`
     --> apps/api/src/prisma.rs:10573:9
      |
10573 |     use super::_prisma::*;
      |         ^^^^^^^^^^^^^^^^^

warning: unused import: `super::_prisma::*`
     --> apps/api/src/prisma.rs:10578:13
      |
10578 |         use super::_prisma::*;
      |             ^^^^^^^^^^^^^^^^^

warning: unused import: `WithParam`
     --> apps/api/src/prisma.rs:10580:86
      |
10580 |             OrderByParam, SetParam, UncheckedSetParam, UniqueWhereParam, WhereParam, WithParam,
      |                                                                                      ^^^^^^^^^

warning: unused import: `super::_prisma::*`
     --> apps/api/src/prisma.rs:10640:13
      |
10640 |         use super::_prisma::*;
      |             ^^^^^^^^^^^^^^^^^

warning: unused imports: `UniqueWhereParam`, `WithParam`
     --> apps/api/src/prisma.rs:10642:56
      |
10642 |             OrderByParam, SetParam, UncheckedSetParam, UniqueWhereParam, WhereParam, WithParam,
      |                                                        ^^^^^^^^^^^^^^^^              ^^^^^^^^^

warning: unused import: `super::_prisma::*`
     --> apps/api/src/prisma.rs:10706:13
      |
10706 |         use super::_prisma::*;
      |             ^^^^^^^^^^^^^^^^^

warning: unused imports: `UniqueWhereParam`, `WithParam`
     --> apps/api/src/prisma.rs:10708:56
      |
10708 |             OrderByParam, SetParam, UncheckedSetParam, UniqueWhereParam, WhereParam, WithParam,
      |                                                        ^^^^^^^^^^^^^^^^              ^^^^^^^^^

warning: unused import: `super::_prisma::*`
     --> apps/api/src/prisma.rs:10772:13
      |
10772 |         use super::_prisma::*;
      |             ^^^^^^^^^^^^^^^^^

warning: unused imports: `UniqueWhereParam`, `WithParam`
     --> apps/api/src/prisma.rs:10774:56
      |
10774 |             OrderByParam, SetParam, UncheckedSetParam, UniqueWhereParam, WhereParam, WithParam,
      |                                                        ^^^^^^^^^^^^^^^^              ^^^^^^^^^

warning: unused import: `super::_prisma::*`
     --> apps/api/src/prisma.rs:10838:13
      |
10838 |         use super::_prisma::*;
      |             ^^^^^^^^^^^^^^^^^

warning: unused imports: `UniqueWhereParam`, `WithParam`
     --> apps/api/src/prisma.rs:10840:56
      |
10840 |             OrderByParam, SetParam, UncheckedSetParam, UniqueWhereParam, WhereParam, WithParam,
      |                                                        ^^^^^^^^^^^^^^^^              ^^^^^^^^^

warning: unused import: `super::_prisma::*`
     --> apps/api/src/prisma.rs:10900:13
      |
10900 |         use super::_prisma::*;
      |             ^^^^^^^^^^^^^^^^^

warning: unused imports: `UniqueWhereParam`, `WithParam`
     --> apps/api/src/prisma.rs:10902:56
      |
10902 |             OrderByParam, SetParam, UncheckedSetParam, UniqueWhereParam, WhereParam, WithParam,
      |                                                        ^^^^^^^^^^^^^^^^              ^^^^^^^^^

warning: unused import: `super::_prisma::*`
     --> apps/api/src/prisma.rs:10957:13
      |
10957 |         use super::_prisma::*;
      |             ^^^^^^^^^^^^^^^^^

warning: unused imports: `UniqueWhereParam`, `WithParam`
     --> apps/api/src/prisma.rs:10959:56
      |
10959 |             OrderByParam, SetParam, UncheckedSetParam, UniqueWhereParam, WhereParam, WithParam,
      |                                                        ^^^^^^^^^^^^^^^^              ^^^^^^^^^

warning: unused import: `super::_prisma::*`
     --> apps/api/src/prisma.rs:11062:13
      |
11062 |         use super::_prisma::*;
      |             ^^^^^^^^^^^^^^^^^

warning: unused imports: `UniqueWhereParam`, `WithParam`
     --> apps/api/src/prisma.rs:11064:56
      |
11064 |             OrderByParam, SetParam, UncheckedSetParam, UniqueWhereParam, WhereParam, WithParam,
      |                                                        ^^^^^^^^^^^^^^^^              ^^^^^^^^^

warning: unused import: `super::_prisma::*`
     --> apps/api/src/prisma.rs:11167:13
      |
11167 |         use super::_prisma::*;
      |             ^^^^^^^^^^^^^^^^^

warning: unused imports: `OrderByParam`, `UncheckedSetParam`, `UniqueWhereParam`
     --> apps/api/src/prisma.rs:11169:13
      |
11169 |             OrderByParam, SetParam, UncheckedSetParam, UniqueWhereParam, WhereParam, WithParam,
      |             ^^^^^^^^^^^^            ^^^^^^^^^^^^^^^^^  ^^^^^^^^^^^^^^^^

warning: unused import: `super::_prisma::*`
     --> apps/api/src/prisma.rs:11887:9
      |
11887 |     use super::_prisma::*;
      |         ^^^^^^^^^^^^^^^^^

warning: unused import: `super::_prisma::*`
     --> apps/api/src/prisma.rs:11892:13
      |
11892 |         use super::_prisma::*;
      |             ^^^^^^^^^^^^^^^^^

warning: unused import: `WithParam`
     --> apps/api/src/prisma.rs:11894:86
      |
11894 |             OrderByParam, SetParam, UncheckedSetParam, UniqueWhereParam, WhereParam, WithParam,
      |                                                                                      ^^^^^^^^^

warning: unused import: `super::_prisma::*`
     --> apps/api/src/prisma.rs:11954:13
      |
11954 |         use super::_prisma::*;
      |             ^^^^^^^^^^^^^^^^^

warning: unused imports: `UniqueWhereParam`, `WithParam`
     --> apps/api/src/prisma.rs:11956:56
      |
11956 |             OrderByParam, SetParam, UncheckedSetParam, UniqueWhereParam, WhereParam, WithParam,
      |                                                        ^^^^^^^^^^^^^^^^              ^^^^^^^^^

warning: unused import: `super::_prisma::*`
     --> apps/api/src/prisma.rs:12016:13
      |
12016 |         use super::_prisma::*;
      |             ^^^^^^^^^^^^^^^^^

warning: unused imports: `UniqueWhereParam`, `WithParam`
     --> apps/api/src/prisma.rs:12018:56
      |
12018 |             OrderByParam, SetParam, UncheckedSetParam, UniqueWhereParam, WhereParam, WithParam,
      |                                                        ^^^^^^^^^^^^^^^^              ^^^^^^^^^

warning: unused import: `super::_prisma::*`
     --> apps/api/src/prisma.rs:12082:13
      |
12082 |         use super::_prisma::*;
      |             ^^^^^^^^^^^^^^^^^

warning: unused imports: `UniqueWhereParam`, `WithParam`
     --> apps/api/src/prisma.rs:12084:56
      |
12084 |             OrderByParam, SetParam, UncheckedSetParam, UniqueWhereParam, WhereParam, WithParam,
      |                                                        ^^^^^^^^^^^^^^^^              ^^^^^^^^^

warning: `api` (bin "api") generated 174 warnings (run `cargo fix --bin "api"` to apply 174 suggestions)
    Finished release [optimized] target(s) in 0.30s
warning: the following packages contain code that will be rejected by a future version of Rust: bigint v4.4.3
note: to see what the problems were, use the option `--future-incompat-report`, or run `cargo report future-incompatibilities --id 1`
     Running `/Users/varunpotti/Documents/slashmail/target/release/api`
[2m2023-07-13T14:00:42.372594Z[0m [32m INFO[0m [2mquaint::pooled[0m[2m:[0m Starting a sqlite pool with 21 connections.
[2m2023-07-13T14:00:42.378678Z[0m [32m INFO[0m [2mapi[0m[2m:[0m Listening on http://0.0.0.0:8000    
 ELIFECYCLE  Command failed.
 WARN   Local package.json exists, but node_modules missing, did you mean to install?
