
> @slashmail/frontend@0.1.0 build /Users/varunpotti/Documents/slashmail/apps/frontend
> next build

- info Loaded env from /Users/varunpotti/Documents/slashmail/apps/frontend/.env
- info Creating an optimized production build...
- info Compiled successfully
- info Linting and checking validity of types...
- info Collecting page data...
- info Generating static pages (0/13)
- info Generating static pages (3/13)
- info Generating static pages (6/13)
- info Generating static pages (9/13)
- info Generating static pages (13/13)
- info Finalizing page optimization...

Route (app)                                Size     First Load JS
┌ ○ /                                      176 B          83.6 kB
├ ○ /admin                                 2.82 kB         168 kB
├ ○ /admin/dashboard                       9.37 kB         405 kB
├ ○ /admin/dashboard/campaigns             148 B          77.7 kB
├ ○ /admin/dashboard/lists                 6.66 kB         174 kB
├ ○ /admin/dashboard/media                 149 B          77.7 kB
├ ○ /admin/dashboard/posts                 149 B          77.7 kB
├ ○ /admin/dashboard/settings              11 kB           495 kB
├ ○ /admin/dashboard/subscribers           9.37 kB         405 kB
├ ○ /admin/dashboard/workflows             148 B          77.7 kB
└ ○ /favicon.ico                           0 B                0 B
+ First Load JS shared by all              77.6 kB
  ├ chunks/886-7e3c865135eee684.js         25.1 kB
  ├ chunks/f808a095-a001b160cdafb7d2.js    50.5 kB
  ├ chunks/main-app-3f70ce20c2e86842.js    212 B
  └ chunks/webpack-cfb2a30a726dfbe7.js     1.72 kB

Route (pages)                              Size     First Load JS
─ ○ /404                                   182 B          75.6 kB
+ First Load JS shared by all              75.4 kB
  ├ chunks/framework-eb124dc7acb3bb04.js   45 kB
  ├ chunks/main-b2d29d73ba07686c.js        28.4 kB
  ├ chunks/pages/_app-b0cb162b5a26eac9.js  194 B
  └ chunks/webpack-cfb2a30a726dfbe7.js     1.72 kB

○  (Static)  automatically rendered as static HTML (uses no initial props)

